<?xml version="1.0" encoding="UTF-8"?>
<TestRun id="a91770da-2623-4db4-993f-f1b227449b14" name="niha@NIHA-PC 2011-06-03 16:04:36" runUser="niha-PC\niha" xmlns="http://microsoft.com/schemas/VisualStudio/TeamTest/2010">
  <TestSettings name="Local" id="3fc6421e-3dcc-41a4-afc4-537dd04263e8">
    <Description>These are default test settings for a local test run.</Description>
    <Deployment enabled="false" runDeploymentRoot="niha_NIHA-PC 2011-06-03 16_04_36">
      <DeploymentItem filename="c:\users\niha\documents\visual studio 2010\Projects\TestCreationApp\TestCreationApp\bin\Debug\TestCreationApp.exe" />
    </Deployment>
    <Execution>
      <TestTypeSpecific />
      <AgentRule name="Execution Agents">
      </AgentRule>
    </Execution>
  </TestSettings>
  <Times creation="2011-06-03T16:04:36.5509736+02:00" queuing="2011-06-03T16:04:36.5665986+02:00" start="2011-06-03T16:04:36.7540986+02:00" finish="2011-06-03T16:04:37.5665986+02:00" />
  <ResultSummary outcome="Failed">
    <Counters total="3" executed="3" passed="2" error="0" failed="1" timeout="0" aborted="0" inconclusive="0" passedButRunAborted="0" notRunnable="0" notExecuted="0" disconnected="0" warning="0" completed="0" inProgress="0" pending="0" />
  </ResultSummary>
  <TestDefinitions>
    <UnitTest name="TestMethod3" storage="c:\users\niha\documents\visual studio 2010\projects\testcreationapp\testcreationapptests\bin\debug\testcreationapptests.dll" id="1b8e5c95-3f48-87eb-a3a9-552b5f6fba90">
      <Execution id="f2920e53-9935-4c4c-9b50-f04985b3f761" />
      <TestMethod codeBase="C:/Users/niha/Documents/Visual Studio 2010/Projects/TestCreationApp/TestCreationAppTests/bin/Debug/TestCreationAppTests.DLL" adapterTypeName="Microsoft.VisualStudio.TestTools.TestTypes.Unit.UnitTestAdapter, Microsoft.VisualStudio.QualityTools.Tips.UnitTest.Adapter, Version=10.0.0.0, Culture=neutral, PublicKeyToken=b03f5f7f11d50a3a" className="TestCreationAppTests.ProgramTest, TestCreationAppTests, Version=1.0.0.0, Culture=neutral, PublicKeyToken=null" name="TestMethod3" />
    </UnitTest>
    <UnitTest name="TestMethod2" storage="c:\users\niha\documents\visual studio 2010\projects\testcreationapp\testcreationapptests\bin\debug\testcreationapptests.dll" id="3a2a6894-cc01-d306-1077-bb8054a99aaf">
      <Execution id="ad90aa7c-2af4-429d-9f09-a71dec13b76b" />
      <TestMethod codeBase="C:/Users/niha/Documents/Visual Studio 2010/Projects/TestCreationApp/TestCreationAppTests/bin/Debug/TestCreationAppTests.DLL" adapterTypeName="Microsoft.VisualStudio.TestTools.TestTypes.Unit.UnitTestAdapter, Microsoft.VisualStudio.QualityTools.Tips.UnitTest.Adapter, Version=10.0.0.0, Culture=neutral, PublicKeyToken=b03f5f7f11d50a3a" className="TestCreationAppTests.ProgramTest, TestCreationAppTests, Version=1.0.0.0, Culture=neutral, PublicKeyToken=null" name="TestMethod2" />
    </UnitTest>
    <UnitTest name="TestMethod1" storage="c:\users\niha\documents\visual studio 2010\projects\testcreationapp\testcreationapptests\bin\debug\testcreationapptests.dll" id="a181a68c-69ce-adab-e3e7-a107097f009a">
      <Execution id="4cd55fbb-39c1-410f-a5ac-aa173e9d9132" />
      <TestMethod codeBase="C:/Users/niha/Documents/Visual Studio 2010/Projects/TestCreationApp/TestCreationAppTests/bin/Debug/TestCreationAppTests.DLL" adapterTypeName="Microsoft.VisualStudio.TestTools.TestTypes.Unit.UnitTestAdapter, Microsoft.VisualStudio.QualityTools.Tips.UnitTest.Adapter, Version=10.0.0.0, Culture=neutral, PublicKeyToken=b03f5f7f11d50a3a" className="TestCreationAppTests.ProgramTest, TestCreationAppTests, Version=1.0.0.0, Culture=neutral, PublicKeyToken=null" name="TestMethod1" />
    </UnitTest>
  </TestDefinitions>
  <TestLists>
    <TestList name="Results Not in a List" id="8c84fa94-04c1-424b-9868-57a2d4851a1d" />
    <TestList name="All Loaded Results" id="19431567-8539-422a-85d7-44ee4e166bda" />
  </TestLists>
  <TestEntries>
    <TestEntry testId="1b8e5c95-3f48-87eb-a3a9-552b5f6fba90" executionId="f2920e53-9935-4c4c-9b50-f04985b3f761" testListId="8c84fa94-04c1-424b-9868-57a2d4851a1d" />
    <TestEntry testId="3a2a6894-cc01-d306-1077-bb8054a99aaf" executionId="ad90aa7c-2af4-429d-9f09-a71dec13b76b" testListId="8c84fa94-04c1-424b-9868-57a2d4851a1d" />
    <TestEntry testId="a181a68c-69ce-adab-e3e7-a107097f009a" executionId="4cd55fbb-39c1-410f-a5ac-aa173e9d9132" testListId="8c84fa94-04c1-424b-9868-57a2d4851a1d" />
  </TestEntries>
  <Results>
    <UnitTestResult executionId="f2920e53-9935-4c4c-9b50-f04985b3f761" testId="1b8e5c95-3f48-87eb-a3a9-552b5f6fba90" testName="TestMethod3" computerName="NIHA-PC" duration="00:00:00.0931528" startTime="2011-06-03T16:04:36.9259736+02:00" endTime="2011-06-03T16:04:37.3478486+02:00" testType="13cdc9d9-ddb5-4fa4-a97d-d965ccfc6d4b" outcome="Failed" testListId="8c84fa94-04c1-424b-9868-57a2d4851a1d" relativeResultsDirectory="f2920e53-9935-4c4c-9b50-f04985b3f761">
      <Output>
        <ErrorInfo>
          <Message>Assert.IsFalse failed. </Message>
          <StackTrace>   at TestCreationAppTests.ProgramTest.TestMethod3() in C:\Users\niha\Documents\Visual Studio 2010\Projects\TestCreationApp\TestCreationAppTests\ProgramTest.cs:line 34
</StackTrace>
        </ErrorInfo>
      </Output>
    </UnitTestResult>
    <UnitTestResult executionId="ad90aa7c-2af4-429d-9f09-a71dec13b76b" testId="3a2a6894-cc01-d306-1077-bb8054a99aaf" testName="TestMethod2" computerName="NIHA-PC" duration="00:00:00.0022421" startTime="2011-06-03T16:04:37.3634736+02:00" endTime="2011-06-03T16:04:37.3634736+02:00" testType="13cdc9d9-ddb5-4fa4-a97d-d965ccfc6d4b" outcome="Passed" testListId="8c84fa94-04c1-424b-9868-57a2d4851a1d" relativeResultsDirectory="ad90aa7c-2af4-429d-9f09-a71dec13b76b">
    </UnitTestResult>
    <UnitTestResult executionId="4cd55fbb-39c1-410f-a5ac-aa173e9d9132" testId="a181a68c-69ce-adab-e3e7-a107097f009a" testName="TestMethod1" computerName="NIHA-PC" duration="00:00:00.0000571" startTime="2011-06-03T16:04:37.3790986+02:00" endTime="2011-06-03T16:04:37.3790986+02:00" testType="13cdc9d9-ddb5-4fa4-a97d-d965ccfc6d4b" outcome="Passed" testListId="8c84fa94-04c1-424b-9868-57a2d4851a1d" relativeResultsDirectory="4cd55fbb-39c1-410f-a5ac-aa173e9d9132">
    </UnitTestResult>
  </Results>
</TestRun>