<?xml version="1.0" encoding="UTF-8"?>
<TestRun id="b63cc271-66d1-4cf2-ba58-e15bd7a10642" name="niha@NIHA-PC 2011-06-03 16:03:49" runUser="niha-PC\niha" xmlns="http://microsoft.com/schemas/VisualStudio/TeamTest/2010">
  <TestSettings name="Local" id="3fc6421e-3dcc-41a4-afc4-537dd04263e8">
    <Description>These are default test settings for a local test run.</Description>
    <Deployment enabled="false" runDeploymentRoot="niha_NIHA-PC 2011-06-03 16_03_49">
      <DeploymentItem filename="c:\users\niha\documents\visual studio 2010\Projects\TestCreationApp\TestCreationApp\bin\Debug\TestCreationApp.exe" />
    </Deployment>
    <Execution>
      <TestTypeSpecific />
      <AgentRule name="Execution Agents">
      </AgentRule>
    </Execution>
  </TestSettings>
  <Times creation="2011-06-03T16:03:49.1076142+02:00" queuing="2011-06-03T16:03:50.8107392+02:00" start="2011-06-03T16:03:51.3419892+02:00" finish="2011-06-03T16:03:52.3732392+02:00" />
  <ResultSummary outcome="Completed">
    <Counters total="3" executed="3" passed="3" error="0" failed="0" timeout="0" aborted="0" inconclusive="0" passedButRunAborted="0" notRunnable="0" notExecuted="0" disconnected="0" warning="0" completed="0" inProgress="0" pending="0" />
  </ResultSummary>
  <TestDefinitions>
    <UnitTest name="TestMethod3" storage="c:\users\niha\documents\visual studio 2010\projects\testcreationapp\testcreationapptests\bin\debug\testcreationapptests.dll" id="1b8e5c95-3f48-87eb-a3a9-552b5f6fba90">
      <Execution id="cf1ecce6-c303-4ca9-9659-d6a46cc3379f" />
      <TestMethod codeBase="C:/Users/niha/Documents/Visual Studio 2010/Projects/TestCreationApp/TestCreationAppTests/bin/Debug/TestCreationAppTests.DLL" adapterTypeName="Microsoft.VisualStudio.TestTools.TestTypes.Unit.UnitTestAdapter, Microsoft.VisualStudio.QualityTools.Tips.UnitTest.Adapter, Version=10.0.0.0, Culture=neutral, PublicKeyToken=b03f5f7f11d50a3a" className="TestCreationAppTests.ProgramTest, TestCreationAppTests, Version=1.0.0.0, Culture=neutral, PublicKeyToken=null" name="TestMethod3" />
    </UnitTest>
    <UnitTest name="TestMethod2" storage="c:\users\niha\documents\visual studio 2010\projects\testcreationapp\testcreationapptests\bin\debug\testcreationapptests.dll" id="3a2a6894-cc01-d306-1077-bb8054a99aaf">
      <Execution id="4b37f6b9-9a0a-4d74-a84e-52dedb805b89" />
      <TestMethod codeBase="C:/Users/niha/Documents/Visual Studio 2010/Projects/TestCreationApp/TestCreationAppTests/bin/Debug/TestCreationAppTests.DLL" adapterTypeName="Microsoft.VisualStudio.TestTools.TestTypes.Unit.UnitTestAdapter, Microsoft.VisualStudio.QualityTools.Tips.UnitTest.Adapter, Version=10.0.0.0, Culture=neutral, PublicKeyToken=b03f5f7f11d50a3a" className="TestCreationAppTests.ProgramTest, TestCreationAppTests, Version=1.0.0.0, Culture=neutral, PublicKeyToken=null" name="TestMethod2" />
    </UnitTest>
    <UnitTest name="TestMethod1" storage="c:\users\niha\documents\visual studio 2010\projects\testcreationapp\testcreationapptests\bin\debug\testcreationapptests.dll" id="a181a68c-69ce-adab-e3e7-a107097f009a">
      <Execution id="3668594e-7201-40ad-9e3c-dd4c2281990d" />
      <TestMethod codeBase="C:/Users/niha/Documents/Visual Studio 2010/Projects/TestCreationApp/TestCreationAppTests/bin/Debug/TestCreationAppTests.DLL" adapterTypeName="Microsoft.VisualStudio.TestTools.TestTypes.Unit.UnitTestAdapter, Microsoft.VisualStudio.QualityTools.Tips.UnitTest.Adapter, Version=10.0.0.0, Culture=neutral, PublicKeyToken=b03f5f7f11d50a3a" className="TestCreationAppTests.ProgramTest, TestCreationAppTests, Version=1.0.0.0, Culture=neutral, PublicKeyToken=null" name="TestMethod1" />
    </UnitTest>
  </TestDefinitions>
  <TestLists>
    <TestList name="Results Not in a List" id="8c84fa94-04c1-424b-9868-57a2d4851a1d" />
    <TestList name="All Loaded Results" id="19431567-8539-422a-85d7-44ee4e166bda" />
  </TestLists>
  <TestEntries>
    <TestEntry testId="1b8e5c95-3f48-87eb-a3a9-552b5f6fba90" executionId="cf1ecce6-c303-4ca9-9659-d6a46cc3379f" testListId="8c84fa94-04c1-424b-9868-57a2d4851a1d" />
    <TestEntry testId="3a2a6894-cc01-d306-1077-bb8054a99aaf" executionId="4b37f6b9-9a0a-4d74-a84e-52dedb805b89" testListId="8c84fa94-04c1-424b-9868-57a2d4851a1d" />
    <TestEntry testId="a181a68c-69ce-adab-e3e7-a107097f009a" executionId="3668594e-7201-40ad-9e3c-dd4c2281990d" testListId="8c84fa94-04c1-424b-9868-57a2d4851a1d" />
  </TestEntries>
  <Results>
    <UnitTestResult executionId="cf1ecce6-c303-4ca9-9659-d6a46cc3379f" testId="1b8e5c95-3f48-87eb-a3a9-552b5f6fba90" testName="TestMethod3" computerName="NIHA-PC" duration="00:00:00.0218185" startTime="2011-06-03T16:03:51.5763642+02:00" endTime="2011-06-03T16:03:52.0919892+02:00" testType="13cdc9d9-ddb5-4fa4-a97d-d965ccfc6d4b" outcome="Passed" testListId="8c84fa94-04c1-424b-9868-57a2d4851a1d" relativeResultsDirectory="cf1ecce6-c303-4ca9-9659-d6a46cc3379f">
    </UnitTestResult>
    <UnitTestResult executionId="4b37f6b9-9a0a-4d74-a84e-52dedb805b89" testId="3a2a6894-cc01-d306-1077-bb8054a99aaf" testName="TestMethod2" computerName="NIHA-PC" duration="00:00:00.0008203" startTime="2011-06-03T16:03:52.1388642+02:00" endTime="2011-06-03T16:03:52.1544892+02:00" testType="13cdc9d9-ddb5-4fa4-a97d-d965ccfc6d4b" outcome="Passed" testListId="8c84fa94-04c1-424b-9868-57a2d4851a1d" relativeResultsDirectory="4b37f6b9-9a0a-4d74-a84e-52dedb805b89">
    </UnitTestResult>
    <UnitTestResult executionId="3668594e-7201-40ad-9e3c-dd4c2281990d" testId="a181a68c-69ce-adab-e3e7-a107097f009a" testName="TestMethod1" computerName="NIHA-PC" duration="00:00:00.0116157" startTime="2011-06-03T16:03:52.1544892+02:00" endTime="2011-06-03T16:03:52.1701142+02:00" testType="13cdc9d9-ddb5-4fa4-a97d-d965ccfc6d4b" outcome="Passed" testListId="8c84fa94-04c1-424b-9868-57a2d4851a1d" relativeResultsDirectory="3668594e-7201-40ad-9e3c-dd4c2281990d">
    </UnitTestResult>
  </Results>
</TestRun>